C51 COMPILER V9.00   流水灯1                                                               11/14/2021 10:51:07 PAGE 1   


C51 COMPILER V9.00, COMPILATION OF MODULE 流水灯1
OBJECT MODULE PLACED IN .\out\Release\流水灯1.o
COMPILER INVOKED BY: D:\Chipenvironment\keilC51\C51\BIN\C51.exe .\SRC\流水灯1.C PRINT(.\out\Release\流水灯1.lst) OMF2 TA
                    -BS(4) CODE NOCOND SYMBOLS OPTIMIZE(8,SPEED) SMALL ROM(LARGE) INCDIR(D:\Chipenvironment\keilC51\C51\INC;.\libraries;.\src
                    -) DEFINE(__UVISION_VERSION=526) OBJECT(.\out\Release\流水灯1.o)

line level    source

   1          #include<Reg51.h>
   2          void main()
   3          { 
   4   1          int i;
   5   1          while(1)
   6   1          {
   7   2             P1=0xfe;
   8   2             for(i=0;i<10000;i++);//1mov 1clr 10000inc 10000cjne 30002
   9   2             P1=0xfd;
  10   2             for(i=0;i<10000;i++);
  11   2             P1=0xfb;
  12   2             for(i=0;i<10000;i++);
  13   2             P1=0xf7;
  14   2             for(i=0;i<10000;i++);
  15   2          }
  16   1      }
C51 COMPILER V9.00   流水灯1                                                               11/14/2021 10:51:07 PAGE 2   

ASSEMBLY LISTING OF GENERATED OBJECT CODE


             ; FUNCTION main (BEGIN)
                                           ; SOURCE LINE # 2
                                           ; SOURCE LINE # 3
0000         ?C0001:
                                           ; SOURCE LINE # 5
                                           ; SOURCE LINE # 6
                                           ; SOURCE LINE # 7
0000 7590FE            MOV     P1,#0FEH
                                           ; SOURCE LINE # 8
;---- Variable 'i' assigned to Register 'R6/R7' ----
0003 E4                CLR     A
0004 FF                MOV     R7,A
0005 FE                MOV     R6,A
0006         ?C0003:
0006 0F                INC     R7
0007 BF0001            CJNE    R7,#00H,?C0016
000A 0E                INC     R6
000B         ?C0016:
000B BE27F8            CJNE    R6,#027H,?C0003
000E BF10F5            CJNE    R7,#010H,?C0003
0011         ?C0004:
                                           ; SOURCE LINE # 9
0011 7590FD            MOV     P1,#0FDH
                                           ; SOURCE LINE # 10
0014 E4                CLR     A
0015 FE                MOV     R6,A
0016 FF                MOV     R7,A
0017         ?C0006:
0017 0F                INC     R7
0018 BF0001            CJNE    R7,#00H,?C0017
001B 0E                INC     R6
001C         ?C0017:
001C BE27F8            CJNE    R6,#027H,?C0006
001F BF10F5            CJNE    R7,#010H,?C0006
0022         ?C0007:
                                           ; SOURCE LINE # 11
0022 7590FB            MOV     P1,#0FBH
                                           ; SOURCE LINE # 12
0025 E4                CLR     A
0026 FE                MOV     R6,A
0027 FF                MOV     R7,A
0028         ?C0009:
0028 0F                INC     R7
0029 BF0001            CJNE    R7,#00H,?C0018
002C 0E                INC     R6
002D         ?C0018:
002D BE27F8            CJNE    R6,#027H,?C0009
0030 BF10F5            CJNE    R7,#010H,?C0009
0033         ?C0010:
                                           ; SOURCE LINE # 13
0033 7590F7            MOV     P1,#0F7H
                                           ; SOURCE LINE # 14
0036 E4                CLR     A
0037 FE                MOV     R6,A
0038 FF                MOV     R7,A
0039         ?C0012:
0039 C3                CLR     C
003A EF                MOV     A,R7
003B 9410              SUBB    A,#010H
C51 COMPILER V9.00   流水灯1                                                               11/14/2021 10:51:07 PAGE 3   

003D EE                MOV     A,R6
003E 6480              XRL     A,#080H
0040 94A7              SUBB    A,#0A7H
0042 50BC              JNC     ?C0001
0044 0F                INC     R7
0045 BF0001            CJNE    R7,#00H,?C0019
0048 0E                INC     R6
0049         ?C0019:
0049 80EE              SJMP    ?C0012
             ; FUNCTION main (END)

C51 COMPILER V9.00   流水灯1                                                               11/14/2021 10:51:07 PAGE 4   

NAME                                    CLASS   MSPACE  TYPE    OFFSET  SIZE
====                                    =====   ======  ====    ======  ====


P0 . . . . . . . . . . . . . . . . . .  SFR      DATA   U_CHAR   0080H  1
P1 . . . . . . . . . . . . . . . . . .  SFR      DATA   U_CHAR   0090H  1
P2 . . . . . . . . . . . . . . . . . .  SFR      DATA   U_CHAR   00A0H  1
P3 . . . . . . . . . . . . . . . . . .  SFR      DATA   U_CHAR   00B0H  1
T0 . . . . . . . . . . . . . . . . . .  ABSBIT   -----  BIT      00B4H  1
AC . . . . . . . . . . . . . . . . . .  ABSBIT   -----  BIT      00D6H  1
T1 . . . . . . . . . . . . . . . . . .  ABSBIT   -----  BIT      00B5H  1
EA . . . . . . . . . . . . . . . . . .  ABSBIT   -----  BIT      00AFH  1
IE . . . . . . . . . . . . . . . . . .  SFR      DATA   U_CHAR   00A8H  1
RD . . . . . . . . . . . . . . . . . .  ABSBIT   -----  BIT      00B7H  1
ES . . . . . . . . . . . . . . . . . .  ABSBIT   -----  BIT      00ACH  1
IP . . . . . . . . . . . . . . . . . .  SFR      DATA   U_CHAR   00B8H  1
RI . . . . . . . . . . . . . . . . . .  ABSBIT   -----  BIT      0098H  1
INT0 . . . . . . . . . . . . . . . . .  ABSBIT   -----  BIT      00B2H  1
CY . . . . . . . . . . . . . . . . . .  ABSBIT   -----  BIT      00D7H  1
TI . . . . . . . . . . . . . . . . . .  ABSBIT   -----  BIT      0099H  1
INT1 . . . . . . . . . . . . . . . . .  ABSBIT   -----  BIT      00B3H  1
PS . . . . . . . . . . . . . . . . . .  ABSBIT   -----  BIT      00BCH  1
SP . . . . . . . . . . . . . . . . . .  SFR      DATA   U_CHAR   0081H  1
OV . . . . . . . . . . . . . . . . . .  ABSBIT   -----  BIT      00D2H  1
main . . . . . . . . . . . . . . . . .  PUBLIC   CODE   PROC     0000H  -----
  i. . . . . . . . . . . . . . . . . .  * REG *  DATA   INT      0006H  2
WR . . . . . . . . . . . . . . . . . .  ABSBIT   -----  BIT      00B6H  1
SBUF . . . . . . . . . . . . . . . . .  SFR      DATA   U_CHAR   0099H  1
PCON . . . . . . . . . . . . . . . . .  SFR      DATA   U_CHAR   0087H  1
SCON . . . . . . . . . . . . . . . . .  SFR      DATA   U_CHAR   0098H  1
TMOD . . . . . . . . . . . . . . . . .  SFR      DATA   U_CHAR   0089H  1
TCON . . . . . . . . . . . . . . . . .  SFR      DATA   U_CHAR   0088H  1
IE0. . . . . . . . . . . . . . . . . .  ABSBIT   -----  BIT      0089H  1
IE1. . . . . . . . . . . . . . . . . .  ABSBIT   -----  BIT      008BH  1
B. . . . . . . . . . . . . . . . . . .  SFR      DATA   U_CHAR   00F0H  1
ACC. . . . . . . . . . . . . . . . . .  SFR      DATA   U_CHAR   00E0H  1
ET0. . . . . . . . . . . . . . . . . .  ABSBIT   -----  BIT      00A9H  1
ET1. . . . . . . . . . . . . . . . . .  ABSBIT   -----  BIT      00ABH  1
TF0. . . . . . . . . . . . . . . . . .  ABSBIT   -----  BIT      008DH  1
TF1. . . . . . . . . . . . . . . . . .  ABSBIT   -----  BIT      008FH  1
RB8. . . . . . . . . . . . . . . . . .  ABSBIT   -----  BIT      009AH  1
TH0. . . . . . . . . . . . . . . . . .  SFR      DATA   U_CHAR   008CH  1
EX0. . . . . . . . . . . . . . . . . .  ABSBIT   -----  BIT      00A8H  1
IT0. . . . . . . . . . . . . . . . . .  ABSBIT   -----  BIT      0088H  1
TH1. . . . . . . . . . . . . . . . . .  SFR      DATA   U_CHAR   008DH  1
TB8. . . . . . . . . . . . . . . . . .  ABSBIT   -----  BIT      009BH  1
EX1. . . . . . . . . . . . . . . . . .  ABSBIT   -----  BIT      00AAH  1
IT1. . . . . . . . . . . . . . . . . .  ABSBIT   -----  BIT      008AH  1
P. . . . . . . . . . . . . . . . . . .  ABSBIT   -----  BIT      00D0H  1
SM0. . . . . . . . . . . . . . . . . .  ABSBIT   -----  BIT      009FH  1
TL0. . . . . . . . . . . . . . . . . .  SFR      DATA   U_CHAR   008AH  1
SM1. . . . . . . . . . . . . . . . . .  ABSBIT   -----  BIT      009EH  1
TL1. . . . . . . . . . . . . . . . . .  SFR      DATA   U_CHAR   008BH  1
SM2. . . . . . . . . . . . . . . . . .  ABSBIT   -----  BIT      009DH  1
PT0. . . . . . . . . . . . . . . . . .  ABSBIT   -----  BIT      00B9H  1
PT1. . . . . . . . . . . . . . . . . .  ABSBIT   -----  BIT      00BBH  1
RS0. . . . . . . . . . . . . . . . . .  ABSBIT   -----  BIT      00D3H  1
TR0. . . . . . . . . . . . . . . . . .  ABSBIT   -----  BIT      008CH  1
RS1. . . . . . . . . . . . . . . . . .  ABSBIT   -----  BIT      00D4H  1
TR1. . . . . . . . . . . . . . . . . .  ABSBIT   -----  BIT      008EH  1
PX0. . . . . . . . . . . . . . . . . .  ABSBIT   -----  BIT      00B8H  1
C51 COMPILER V9.00   流水灯1                                                               11/14/2021 10:51:07 PAGE 5   

NAME                                    CLASS   MSPACE  TYPE    OFFSET  SIZE
====                                    =====   ======  ====    ======  ====


PX1. . . . . . . . . . . . . . . . . .  ABSBIT   -----  BIT      00BAH  1
DPH. . . . . . . . . . . . . . . . . .  SFR      DATA   U_CHAR   0083H  1
DPL. . . . . . . . . . . . . . . . . .  SFR      DATA   U_CHAR   0082H  1
REN. . . . . . . . . . . . . . . . . .  ABSBIT   -----  BIT      009CH  1
RXD. . . . . . . . . . . . . . . . . .  ABSBIT   -----  BIT      00B0H  1
TXD. . . . . . . . . . . . . . . . . .  ABSBIT   -----  BIT      00B1H  1
F0 . . . . . . . . . . . . . . . . . .  ABSBIT   -----  BIT      00D5H  1
PSW. . . . . . . . . . . . . . . . . .  SFR      DATA   U_CHAR   00D0H  1


MODULE INFORMATION:   STATIC OVERLAYABLE
   CODE SIZE        =     75    ----
   CONSTANT SIZE    =   ----    ----
   XDATA SIZE       =   ----    ----
   PDATA SIZE       =   ----    ----
   DATA SIZE        =   ----    ----
   IDATA SIZE       =   ----    ----
   BIT SIZE         =   ----    ----
   EDATA SIZE       =   ----    ----
   HDATA SIZE       =   ----    ----
   XDATA CONST SIZE =   ----    ----
   FAR CONST SIZE   =   ----    ----
END OF MODULE INFORMATION.


C51 COMPILATION COMPLETE.  0 WARNING(S),  0 ERROR(S)
