22:28:00 **** Incremental Build of configuration Debug for project TC264D_Develop ****
make --output-sync -j16 all 
正在构建文件： ../Libraries/seekfree_libraries/zf_gtm_pwm.c
正在调用： TASKING C/C++ Compiler
cctc -D__CPU__=tc26xb -Dcore1_used "-fC:/Users/Varocol/Desktop/MCU/Infineon/TC264D_Develop/Debug/TASKING_C_C___Compiler-Include_paths.opt" --iso=99 --c++14 --language=+volatile --exceptions --anachronisms --fp-model=3 -O0 --tradeoff=4 --compact-max-size=200 -g -Wc-w544 -Wc-w557 -Ctc26xb -o "Libraries/seekfree_libraries/zf_gtm_pwm.src"  "../Libraries/seekfree_libraries/zf_gtm_pwm.c"  -cs --dep-file="Libraries/seekfree_libraries/zf_gtm_pwm.d" --misrac-version=2012 -N0 -Z0 -Y0 2>&1;
TASKING VX-toolset for AURIX Development Studio (non-commercial): control program v1.1r7 Build 21033142
已结束构建： ../Libraries/seekfree_libraries/zf_gtm_pwm.c
 
正在构建文件： ../USER/isr.c
正在调用： TASKING C/C++ Compiler
cctc -D__CPU__=tc26xb -Dcore1_used "-fC:/Users/Varocol/Desktop/MCU/Infineon/TC264D_Develop/Debug/TASKING_C_C___Compiler-Include_paths.opt" --iso=99 --c++14 --language=+volatile --exceptions --anachronisms --fp-model=3 -O0 --tradeoff=4 --compact-max-size=200 -g -Wc-w544 -Wc-w557 -Ctc26xb -o "USER/isr.src"  "../USER/isr.c"  -cs --dep-file="USER/isr.d" --misrac-version=2012 -N0 -Z0 -Y0 2>&1;
TASKING VX-toolset for AURIX Development Studio (non-commercial): control program v1.1r7 Build 21033142
已结束构建： ../USER/isr.c
 
正在构建文件： ../Libraries/OJ_Library/SPI/SPI.cpp
正在调用： TASKING C/C++ Compiler
cctc -D__CPU__=tc26xb -Dcore1_used "-fC:/Users/Varocol/Desktop/MCU/Infineon/TC264D_Develop/Debug/TASKING_C_C___Compiler-Include_paths.opt" --iso=99 --c++14 --language=+volatile --exceptions --anachronisms --fp-model=3 -O0 --tradeoff=4 --compact-max-size=200 -g -Wc-w544 -Wc-w557 -Ctc26xb -o "Libraries/OJ_Library/SPI/SPI.src"  "../Libraries/OJ_Library/SPI/SPI.cpp"  -cs --dep-file="Libraries/OJ_Library/SPI/SPI.d" --misrac-version=2012 -N0 -Z0 -Y0 2>&1;
TASKING VX-toolset for AURIX Development Studio (non-commercial): control program v1.1r7 Build 21033142
cptc W0161: ["C:\\Users\\Varocol\\Desktop\\MCU\\Infineon\\TC264D_Develop\\Libraries\\infineon_libraries\\Infra\\Sfr\\TC26B\\_Reg\IfxGtm_regdef.h" 40] unrecognized #pragma
cptc W0161: ["C:\\Users\\Varocol\\Desktop\\MCU\\Infineon\\TC264D_Develop\\Libraries\\infineon_libraries\\Infra\\Sfr\\TC26B\\_Reg\IfxGtm_regdef.h" 7841] unrecognized #pragma
已结束构建： ../Libraries/OJ_Library/SPI/SPI.cpp
 
正在构建文件： ../Libraries/OJ_Library/Servo/Servo.cpp
正在调用： TASKING C/C++ Compiler
cctc -D__CPU__=tc26xb -Dcore1_used "-fC:/Users/Varocol/Desktop/MCU/Infineon/TC264D_Develop/Debug/TASKING_C_C___Compiler-Include_paths.opt" --iso=99 --c++14 --language=+volatile --exceptions --anachronisms --fp-model=3 -O0 --tradeoff=4 --compact-max-size=200 -g -Wc-w544 -Wc-w557 -Ctc26xb -o "Libraries/OJ_Library/Servo/Servo.src"  "../Libraries/OJ_Library/Servo/Servo.cpp"  -cs --dep-file="Libraries/OJ_Library/Servo/Servo.d" --misrac-version=2012 -N0 -Z0 -Y0 2>&1;
TASKING VX-toolset for AURIX Development Studio (non-commercial): control program v1.1r7 Build 21033142
cptc W0161: ["C:\\Users\\Varocol\\Desktop\\MCU\\Infineon\\TC264D_Develop\\Libraries\\infineon_libraries\\Infra\\Sfr\\TC26B\\_Reg\IfxGtm_regdef.h" 40] unrecognized #pragma
cptc W0161: ["C:\\Users\\Varocol\\Desktop\\MCU\\Infineon\\TC264D_Develop\\Libraries\\infineon_libraries\\Infra\\Sfr\\TC26B\\_Reg\IfxGtm_regdef.h" 7841] unrecognized #pragma
已结束构建： ../Libraries/OJ_Library/Servo/Servo.cpp
 
正在构建文件： ../Libraries/OJ_Library/PWM/PWM.cpp
正在调用： TASKING C/C++ Compiler
cctc -D__CPU__=tc26xb -Dcore1_used "-fC:/Users/Varocol/Desktop/MCU/Infineon/TC264D_Develop/Debug/TASKING_C_C___Compiler-Include_paths.opt" --iso=99 --c++14 --language=+volatile --exceptions --anachronisms --fp-model=3 -O0 --tradeoff=4 --compact-max-size=200 -g -Wc-w544 -Wc-w557 -Ctc26xb -o "Libraries/OJ_Library/PWM/PWM.src"  "../Libraries/OJ_Library/PWM/PWM.cpp"  -cs --dep-file="Libraries/OJ_Library/PWM/PWM.d" --misrac-version=2012 -N0 -Z0 -Y0 2>&1;
TASKING VX-toolset for AURIX Development Studio (non-commercial): control program v1.1r7 Build 21033142
cptc W0161: ["C:\\Users\\Varocol\\Desktop\\MCU\\Infineon\\TC264D_Develop\\Libraries\\infineon_libraries\\Infra\\Sfr\\TC26B\\_Reg\IfxGtm_regdef.h" 40] unrecognized #pragma
cptc W0161: ["C:\\Users\\Varocol\\Desktop\\MCU\\Infineon\\TC264D_Develop\\Libraries\\infineon_libraries\\Infra\\Sfr\\TC26B\\_Reg\IfxGtm_regdef.h" 7841] unrecognized #pragma
已结束构建： ../Libraries/OJ_Library/PWM/PWM.cpp
 
正在构建文件： USER/isr.src
TASKING VX-toolset for AURIX Development Studio (non-commercial): assembler v1.1r7 Build 21033142
正在调用： TASKING Assembler
astc -o  "USER/isr.o" "USER/isr.src" --list-format=L1 --optimize=gs
已结束构建： USER/isr.src
 
TASKING VX-toolset for AURIX Development Studio (non-commercial): assembler v1.1r7 Build 21033142
正在构建文件： Libraries/seekfree_libraries/zf_gtm_pwm.src
正在调用： TASKING Assembler
astc -o  "Libraries/seekfree_libraries/zf_gtm_pwm.o" "Libraries/seekfree_libraries/zf_gtm_pwm.src" --list-format=L1 --optimize=gs
已结束构建： Libraries/seekfree_libraries/zf_gtm_pwm.src
 
正在构建文件： ../USER/Cpu1_Main.cpp
正在调用： TASKING C/C++ Compiler
cctc -D__CPU__=tc26xb -Dcore1_used "-fC:/Users/Varocol/Desktop/MCU/Infineon/TC264D_Develop/Debug/TASKING_C_C___Compiler-Include_paths.opt" --iso=99 --c++14 --language=+volatile --exceptions --anachronisms --fp-model=3 -O0 --tradeoff=4 --compact-max-size=200 -g -Wc-w544 -Wc-w557 -Ctc26xb -o "USER/Cpu1_Main.src"  "../USER/Cpu1_Main.cpp"  -cs --dep-file="USER/Cpu1_Main.d" --misrac-version=2012 -N0 -Z0 -Y0 2>&1;
TASKING VX-toolset for AURIX Development Studio (non-commercial): control program v1.1r7 Build 21033142
cptc W0161: ["C:\\Users\\Varocol\\Desktop\\MCU\\Infineon\\TC264D_Develop\\Libraries\\infineon_libraries\\Infra\\Sfr\\TC26B\\_Reg\IfxGtm_regdef.h" 40] unrecognized #pragma
cptc W0161: ["C:\\Users\\Varocol\\Desktop\\MCU\\Infineon\\TC264D_Develop\\Libraries\\infineon_libraries\\Infra\\Sfr\\TC26B\\_Reg\IfxGtm_regdef.h" 7841] unrecognized #pragma
已结束构建： ../USER/Cpu1_Main.cpp
 
正在构建文件： ../Libraries/OJ_Library/LED/LED.cpp
正在调用： TASKING C/C++ Compiler
cctc -D__CPU__=tc26xb -Dcore1_used "-fC:/Users/Varocol/Desktop/MCU/Infineon/TC264D_Develop/Debug/TASKING_C_C___Compiler-Include_paths.opt" --iso=99 --c++14 --language=+volatile --exceptions --anachronisms --fp-model=3 -O0 --tradeoff=4 --compact-max-size=200 -g -Wc-w544 -Wc-w557 -Ctc26xb -o "Libraries/OJ_Library/LED/LED.src"  "../Libraries/OJ_Library/LED/LED.cpp"  -cs --dep-file="Libraries/OJ_Library/LED/LED.d" --misrac-version=2012 -N0 -Z0 -Y0 2>&1;
TASKING VX-toolset for AURIX Development Studio (non-commercial): control program v1.1r7 Build 21033142
cptc W0161: ["C:\\Users\\Varocol\\Desktop\\MCU\\Infineon\\TC264D_Develop\\Libraries\\infineon_libraries\\Infra\\Sfr\\TC26B\\_Reg\IfxGtm_regdef.h" 40] unrecognized #pragma
cptc W0161: ["C:\\Users\\Varocol\\Desktop\\MCU\\Infineon\\TC264D_Develop\\Libraries\\infineon_libraries\\Infra\\Sfr\\TC26B\\_Reg\IfxGtm_regdef.h" 7841] unrecognized #pragma
已结束构建： ../Libraries/OJ_Library/LED/LED.cpp
 
正在构建文件： Libraries/OJ_Library/Servo/Servo.src
TASKING VX-toolset for AURIX Development Studio (non-commercial): assembler v1.1r7 Build 21033142
正在调用： TASKING Assembler
astc -o  "Libraries/OJ_Library/Servo/Servo.o" "Libraries/OJ_Library/Servo/Servo.src" --list-format=L1 --optimize=gs
已结束构建： Libraries/OJ_Library/Servo/Servo.src
 
正在构建文件： ../Libraries/OJ_Library/MOTOR/MOTOR.cpp
正在调用： TASKING C/C++ Compiler
cctc -D__CPU__=tc26xb -Dcore1_used "-fC:/Users/Varocol/Desktop/MCU/Infineon/TC264D_Develop/Debug/TASKING_C_C___Compiler-Include_paths.opt" --iso=99 --c++14 --language=+volatile --exceptions --anachronisms --fp-model=3 -O0 --tradeoff=4 --compact-max-size=200 -g -Wc-w544 -Wc-w557 -Ctc26xb -o "Libraries/OJ_Library/MOTOR/MOTOR.src"  "../Libraries/OJ_Library/MOTOR/MOTOR.cpp"  -cs --dep-file="Libraries/OJ_Library/MOTOR/MOTOR.d" --misrac-version=2012 -N0 -Z0 -Y0 2>&1;
TASKING VX-toolset for AURIX Development Studio (non-commercial): control program v1.1r7 Build 21033142
cptc W0161: ["C:\\Users\\Varocol\\Desktop\\MCU\\Infineon\\TC264D_Develop\\Libraries\\infineon_libraries\\Infra\\Sfr\\TC26B\\_Reg\IfxGtm_regdef.h" 40] unrecognized #pragma
cptc W0161: ["C:\\Users\\Varocol\\Desktop\\MCU\\Infineon\\TC264D_Develop\\Libraries\\infineon_libraries\\Infra\\Sfr\\TC26B\\_Reg\IfxGtm_regdef.h" 7841] unrecognized #pragma
已结束构建： ../Libraries/OJ_Library/MOTOR/MOTOR.cpp
 
正在构建文件： ../Libraries/OJ_Library/Image_Processing/Image_Process.cpp
正在调用： TASKING C/C++ Compiler
cctc -D__CPU__=tc26xb -Dcore1_used "-fC:/Users/Varocol/Desktop/MCU/Infineon/TC264D_Develop/Debug/TASKING_C_C___Compiler-Include_paths.opt" --iso=99 --c++14 --language=+volatile --exceptions --anachronisms --fp-model=3 -O0 --tradeoff=4 --compact-max-size=200 -g -Wc-w544 -Wc-w557 -Ctc26xb -o "Libraries/OJ_Library/Image_Processing/Image_Process.src"  "../Libraries/OJ_Library/Image_Processing/Image_Process.cpp"  -cs --dep-file="Libraries/OJ_Library/Image_Processing/Image_Process.d" --misrac-version=2012 -N0 -Z0 -Y0 2>&1;
TASKING VX-toolset for AURIX Development Studio (non-commercial): control program v1.1r7 Build 21033142
TASKING VX-toolset for AURIX Development Studio (non-commercial): assembler v1.1r7 Build 21033142
cptc W0161: ["C:\\Users\\Varocol\\Desktop\\MCU\\Infineon\\TC264D_Develop\\Libraries\\infineon_libraries\\Infra\\Sfr\\TC26B\\_Reg\IfxGtm_regdef.h" 40] unrecognized #pragma
cptc W0161: ["C:\\Users\\Varocol\\Desktop\\MCU\\Infineon\\TC264D_Develop\\Libraries\\infineon_libraries\\Infra\\Sfr\\TC26B\\_Reg\IfxGtm_regdef.h" 7841] unrecognized #pragma
已结束构建： ../Libraries/OJ_Library/Image_Processing/Image_Process.cpp
 
正在构建文件： Libraries/OJ_Library/SPI/SPI.src
正在调用： TASKING Assembler
astc -o  "Libraries/OJ_Library/SPI/SPI.o" "Libraries/OJ_Library/SPI/SPI.src" --list-format=L1 --optimize=gs
已结束构建： Libraries/OJ_Library/SPI/SPI.src
 
正在构建文件： ../Libraries/OJ_Library/GPIO/GPIO.cpp
正在调用： TASKING C/C++ Compiler
cctc -D__CPU__=tc26xb -Dcore1_used "-fC:/Users/Varocol/Desktop/MCU/Infineon/TC264D_Develop/Debug/TASKING_C_C___Compiler-Include_paths.opt" --iso=99 --c++14 --language=+volatile --exceptions --anachronisms --fp-model=3 -O0 --tradeoff=4 --compact-max-size=200 -g -Wc-w544 -Wc-w557 -Ctc26xb -o "Libraries/OJ_Library/GPIO/GPIO.src"  "../Libraries/OJ_Library/GPIO/GPIO.cpp"  -cs --dep-file="Libraries/OJ_Library/GPIO/GPIO.d" --misrac-version=2012 -N0 -Z0 -Y0 2>&1;
TASKING VX-toolset for AURIX Development Studio (non-commercial): control program v1.1r7 Build 21033142
cptc W0161: ["C:\\Users\\Varocol\\Desktop\\MCU\\Infineon\\TC264D_Develop\\Libraries\\infineon_libraries\\Infra\\Sfr\\TC26B\\_Reg\IfxGtm_regdef.h" 40] unrecognized #pragma
cptc W0161: ["C:\\Users\\Varocol\\Desktop\\MCU\\Infineon\\TC264D_Develop\\Libraries\\infineon_libraries\\Infra\\Sfr\\TC26B\\_Reg\IfxGtm_regdef.h" 7841] unrecognized #pragma
已结束构建： ../Libraries/OJ_Library/GPIO/GPIO.cpp
 
正在构建文件： ../USER/Cpu0_Main.cpp
正在调用： TASKING C/C++ Compiler
cctc -D__CPU__=tc26xb -Dcore1_used "-fC:/Users/Varocol/Desktop/MCU/Infineon/TC264D_Develop/Debug/TASKING_C_C___Compiler-Include_paths.opt" --iso=99 --c++14 --language=+volatile --exceptions --anachronisms --fp-model=3 -O0 --tradeoff=4 --compact-max-size=200 -g -Wc-w544 -Wc-w557 -Ctc26xb -o "USER/Cpu0_Main.src"  "../USER/Cpu0_Main.cpp"  -cs --dep-file="USER/Cpu0_Main.d" --misrac-version=2012 -N0 -Z0 -Y0 2>&1;
TASKING VX-toolset for AURIX Development Studio (non-commercial): control program v1.1r7 Build 21033142
cptc W0161: ["C:\\Users\\Varocol\\Desktop\\MCU\\Infineon\\TC264D_Develop\\Libraries\\infineon_libraries\\Infra\\Sfr\\TC26B\\_Reg\IfxGtm_regdef.h" 40] unrecognized #pragma
cptc W0161: ["C:\\Users\\Varocol\\Desktop\\MCU\\Infineon\\TC264D_Develop\\Libraries\\infineon_libraries\\Infra\\Sfr\\TC26B\\_Reg\IfxGtm_regdef.h" 7841] unrecognized #pragma
已结束构建： ../USER/Cpu0_Main.cpp
 
正在构建文件： ../Libraries/OJ_Library/Buzzer/Buzzer.cpp
正在调用： TASKING C/C++ Compiler
cctc -D__CPU__=tc26xb -Dcore1_used "-fC:/Users/Varocol/Desktop/MCU/Infineon/TC264D_Develop/Debug/TASKING_C_C___Compiler-Include_paths.opt" --iso=99 --c++14 --language=+volatile --exceptions --anachronisms --fp-model=3 -O0 --tradeoff=4 --compact-max-size=200 -g -Wc-w544 -Wc-w557 -Ctc26xb -o "Libraries/OJ_Library/Buzzer/Buzzer.src"  "../Libraries/OJ_Library/Buzzer/Buzzer.cpp"  -cs --dep-file="Libraries/OJ_Library/Buzzer/Buzzer.d" --misrac-version=2012 -N0 -Z0 -Y0 2>&1;
TASKING VX-toolset for AURIX Development Studio (non-commercial): control program v1.1r7 Build 21033142
cptc W0161: ["C:\\Users\\Varocol\\Desktop\\MCU\\Infineon\\TC264D_Develop\\Libraries\\infineon_libraries\\Infra\\Sfr\\TC26B\\_Reg\IfxGtm_regdef.h" 40] unrecognized #pragma
cptc W0161: ["C:\\Users\\Varocol\\Desktop\\MCU\\Infineon\\TC264D_Develop\\Libraries\\infineon_libraries\\Infra\\Sfr\\TC26B\\_Reg\IfxGtm_regdef.h" 7841] unrecognized #pragma
已结束构建： ../Libraries/OJ_Library/Buzzer/Buzzer.cpp
 
正在构建文件： ../Libraries/OJ_Library/IPS_114/IPS_114.cpp
正在调用： TASKING C/C++ Compiler
cctc -D__CPU__=tc26xb -Dcore1_used "-fC:/Users/Varocol/Desktop/MCU/Infineon/TC264D_Develop/Debug/TASKING_C_C___Compiler-Include_paths.opt" --iso=99 --c++14 --language=+volatile --exceptions --anachronisms --fp-model=3 -O0 --tradeoff=4 --compact-max-size=200 -g -Wc-w544 -Wc-w557 -Ctc26xb -o "Libraries/OJ_Library/IPS_114/IPS_114.src"  "../Libraries/OJ_Library/IPS_114/IPS_114.cpp"  -cs --dep-file="Libraries/OJ_Library/IPS_114/IPS_114.d" --misrac-version=2012 -N0 -Z0 -Y0 2>&1;
TASKING VX-toolset for AURIX Development Studio (non-commercial): control program v1.1r7 Build 21033142
cptc W0161: ["C:\\Users\\Varocol\\Desktop\\MCU\\Infineon\\TC264D_Develop\\Libraries\\infineon_libraries\\Infra\\Sfr\\TC26B\\_Reg\IfxGtm_regdef.h" 40] unrecognized #pragma
TASKING VX-toolset for AURIX Development Studio (non-commercial): assembler v1.1r7 Build 21033142
cptc W0161: ["C:\\Users\\Varocol\\Desktop\\MCU\\Infineon\\TC264D_Develop\\Libraries\\infineon_libraries\\Infra\\Sfr\\TC26B\\_Reg\IfxGtm_regdef.h" 7841] unrecognized #pragma
已结束构建： ../Libraries/OJ_Library/IPS_114/IPS_114.cpp
 
正在构建文件： Libraries/OJ_Library/PWM/PWM.src
正在调用： TASKING Assembler
astc -o  "Libraries/OJ_Library/PWM/PWM.o" "Libraries/OJ_Library/PWM/PWM.src" --list-format=L1 --optimize=gs
已结束构建： Libraries/OJ_Library/PWM/PWM.src
 
TASKING VX-toolset for AURIX Development Studio (non-commercial): assembler v1.1r7 Build 21033142
正在构建文件： USER/Cpu1_Main.src
正在调用： TASKING Assembler
astc -o  "USER/Cpu1_Main.o" "USER/Cpu1_Main.src" --list-format=L1 --optimize=gs
已结束构建： USER/Cpu1_Main.src
 
TASKING VX-toolset for AURIX Development Studio (non-commercial): assembler v1.1r7 Build 21033142
正在构建文件： Libraries/OJ_Library/LED/LED.src
正在调用： TASKING Assembler
astc -o  "Libraries/OJ_Library/LED/LED.o" "Libraries/OJ_Library/LED/LED.src" --list-format=L1 --optimize=gs
已结束构建： Libraries/OJ_Library/LED/LED.src
 
TASKING VX-toolset for AURIX Development Studio (non-commercial): assembler v1.1r7 Build 21033142
正在构建文件： Libraries/OJ_Library/MOTOR/MOTOR.src
正在调用： TASKING Assembler
astc -o  "Libraries/OJ_Library/MOTOR/MOTOR.o" "Libraries/OJ_Library/MOTOR/MOTOR.src" --list-format=L1 --optimize=gs
已结束构建： Libraries/OJ_Library/MOTOR/MOTOR.src
 
TASKING VX-toolset for AURIX Development Studio (non-commercial): assembler v1.1r7 Build 21033142
正在构建文件： Libraries/OJ_Library/Image_Processing/Image_Process.src
正在调用： TASKING Assembler
astc -o  "Libraries/OJ_Library/Image_Processing/Image_Process.o" "Libraries/OJ_Library/Image_Processing/Image_Process.src" --list-format=L1 --optimize=gs
已结束构建： Libraries/OJ_Library/Image_Processing/Image_Process.src
 
正在构建文件： ../CODE/MSH_Test/MSH.c
正在调用： TASKING C/C++ Compiler
cctc -D__CPU__=tc26xb -Dcore1_used "-fC:/Users/Varocol/Desktop/MCU/Infineon/TC264D_Develop/Debug/TASKING_C_C___Compiler-Include_paths.opt" --iso=99 --c++14 --language=+volatile --exceptions --anachronisms --fp-model=3 -O0 --tradeoff=4 --compact-max-size=200 -g -Wc-w544 -Wc-w557 -Ctc26xb -o "CODE/MSH_Test/MSH.src"  "../CODE/MSH_Test/MSH.c"  -cs --dep-file="CODE/MSH_Test/MSH.d" --misrac-version=2012 -N0 -Z0 -Y0 2>&1;
TASKING VX-toolset for AURIX Development Studio (non-commercial): control program v1.1r7 Build 21033142
已结束构建： ../CODE/MSH_Test/MSH.c
 
正在构建文件： Libraries/OJ_Library/GPIO/GPIO.src
TASKING VX-toolset for AURIX Development Studio (non-commercial): assembler v1.1r7 Build 21033142
正在调用： TASKING Assembler
astc -o  "Libraries/OJ_Library/GPIO/GPIO.o" "Libraries/OJ_Library/GPIO/GPIO.src" --list-format=L1 --optimize=gs
已结束构建： Libraries/OJ_Library/GPIO/GPIO.src
 
正在构建文件： USER/Cpu0_Main.src
TASKING VX-toolset for AURIX Development Studio (non-commercial): assembler v1.1r7 Build 21033142
正在调用： TASKING Assembler
astc -o  "USER/Cpu0_Main.o" "USER/Cpu0_Main.src" --list-format=L1 --optimize=gs
已结束构建： USER/Cpu0_Main.src
 
TASKING VX-toolset for AURIX Development Studio (non-commercial): assembler v1.1r7 Build 21033142
正在构建文件： Libraries/OJ_Library/Buzzer/Buzzer.src
正在调用： TASKING Assembler
astc -o  "Libraries/OJ_Library/Buzzer/Buzzer.o" "Libraries/OJ_Library/Buzzer/Buzzer.src" --list-format=L1 --optimize=gs
已结束构建： Libraries/OJ_Library/Buzzer/Buzzer.src
 
TASKING VX-toolset for AURIX Development Studio (non-commercial): assembler v1.1r7 Build 21033142
正在构建文件： Libraries/OJ_Library/IPS_114/IPS_114.src
正在调用： TASKING Assembler
astc -o  "Libraries/OJ_Library/IPS_114/IPS_114.o" "Libraries/OJ_Library/IPS_114/IPS_114.src" --list-format=L1 --optimize=gs
已结束构建： Libraries/OJ_Library/IPS_114/IPS_114.src
 
正在构建文件： ../Libraries/OJ_Library/MT9V03x/MT9V03x.cpp
正在调用： TASKING C/C++ Compiler
cctc -D__CPU__=tc26xb -Dcore1_used "-fC:/Users/Varocol/Desktop/MCU/Infineon/TC264D_Develop/Debug/TASKING_C_C___Compiler-Include_paths.opt" --iso=99 --c++14 --language=+volatile --exceptions --anachronisms --fp-model=3 -O0 --tradeoff=4 --compact-max-size=200 -g -Wc-w544 -Wc-w557 -Ctc26xb -o "Libraries/OJ_Library/MT9V03x/MT9V03x.src"  "../Libraries/OJ_Library/MT9V03x/MT9V03x.cpp"  -cs --dep-file="Libraries/OJ_Library/MT9V03x/MT9V03x.d" --misrac-version=2012 -N0 -Z0 -Y0 2>&1;
TASKING VX-toolset for AURIX Development Studio (non-commercial): control program v1.1r7 Build 21033142
cptc W0161: ["C:\\Users\\Varocol\\Desktop\\MCU\\Infineon\\TC264D_Develop\\Libraries\\infineon_libraries\\Infra\\Sfr\\TC26B\\_Reg\IfxGtm_regdef.h" 40] unrecognized #pragma
cptc W0161: ["C:\\Users\\Varocol\\Desktop\\MCU\\Infineon\\TC264D_Develop\\Libraries\\infineon_libraries\\Infra\\Sfr\\TC26B\\_Reg\IfxGtm_regdef.h" 7841] unrecognized #pragma
已结束构建： ../Libraries/OJ_Library/MT9V03x/MT9V03x.cpp
 
正在构建文件： ../Libraries/OJ_Library/MSH/MSH_FUN.cpp
正在调用： TASKING C/C++ Compiler
cctc -D__CPU__=tc26xb -Dcore1_used "-fC:/Users/Varocol/Desktop/MCU/Infineon/TC264D_Develop/Debug/TASKING_C_C___Compiler-Include_paths.opt" --iso=99 --c++14 --language=+volatile --exceptions --anachronisms --fp-model=3 -O0 --tradeoff=4 --compact-max-size=200 -g -Wc-w544 -Wc-w557 -Ctc26xb -o "Libraries/OJ_Library/MSH/MSH_FUN.src"  "../Libraries/OJ_Library/MSH/MSH_FUN.cpp"  -cs --dep-file="Libraries/OJ_Library/MSH/MSH_FUN.d" --misrac-version=2012 -N0 -Z0 -Y0 2>&1;
TASKING VX-toolset for AURIX Development Studio (non-commercial): control program v1.1r7 Build 21033142
cptc W0161: ["C:\\Users\\Varocol\\Desktop\\MCU\\Infineon\\TC264D_Develop\\Libraries\\infineon_libraries\\Infra\\Sfr\\TC26B\\_Reg\IfxGtm_regdef.h" 40] unrecognized #pragma
cptc W0161: ["C:\\Users\\Varocol\\Desktop\\MCU\\Infineon\\TC264D_Develop\\Libraries\\infineon_libraries\\Infra\\Sfr\\TC26B\\_Reg\IfxGtm_regdef.h" 7841] unrecognized #pragma
已结束构建： ../Libraries/OJ_Library/MSH/MSH_FUN.cpp
 
TASKING VX-toolset for AURIX Development Studio (non-commercial): assembler v1.1r7 Build 21033142
正在构建文件： CODE/MSH_Test/MSH.src
正在调用： TASKING Assembler
astc -o  "CODE/MSH_Test/MSH.o" "CODE/MSH_Test/MSH.src" --list-format=L1 --optimize=gs
已结束构建： CODE/MSH_Test/MSH.src
 
正在构建文件： Libraries/OJ_Library/MT9V03x/MT9V03x.src
TASKING VX-toolset for AURIX Development Studio (non-commercial): assembler v1.1r7 Build 21033142
正在调用： TASKING Assembler
astc -o  "Libraries/OJ_Library/MT9V03x/MT9V03x.o" "Libraries/OJ_Library/MT9V03x/MT9V03x.src" --list-format=L1 --optimize=gs
已结束构建： Libraries/OJ_Library/MT9V03x/MT9V03x.src
 
TASKING VX-toolset for AURIX Development Studio (non-commercial): assembler v1.1r7 Build 21033142
正在构建文件： Libraries/OJ_Library/MSH/MSH_FUN.src
正在调用： TASKING Assembler
astc -o  "Libraries/OJ_Library/MSH/MSH_FUN.o" "Libraries/OJ_Library/MSH/MSH_FUN.src" --list-format=L1 --optimize=gs
已结束构建： Libraries/OJ_Library/MSH/MSH_FUN.src
 
正在构建文件： ../Libraries/OJ_Library/Button/Button.cpp
正在调用： TASKING C/C++ Compiler
cctc -D__CPU__=tc26xb -Dcore1_used "-fC:/Users/Varocol/Desktop/MCU/Infineon/TC264D_Develop/Debug/TASKING_C_C___Compiler-Include_paths.opt" --iso=99 --c++14 --language=+volatile --exceptions --anachronisms --fp-model=3 -O0 --tradeoff=4 --compact-max-size=200 -g -Wc-w544 -Wc-w557 -Ctc26xb -o "Libraries/OJ_Library/Button/Button.src"  "../Libraries/OJ_Library/Button/Button.cpp"  -cs --dep-file="Libraries/OJ_Library/Button/Button.d" --misrac-version=2012 -N0 -Z0 -Y0 2>&1;
TASKING VX-toolset for AURIX Development Studio (non-commercial): control program v1.1r7 Build 21033142
cptc W0161: ["C:\\Users\\Varocol\\Desktop\\MCU\\Infineon\\TC264D_Develop\\Libraries\\infineon_libraries\\Infra\\Sfr\\TC26B\\_Reg\IfxGtm_regdef.h" 40] unrecognized #pragma
cptc W0161: ["C:\\Users\\Varocol\\Desktop\\MCU\\Infineon\\TC264D_Develop\\Libraries\\infineon_libraries\\Infra\\Sfr\\TC26B\\_Reg\IfxGtm_regdef.h" 7841] unrecognized #pragma
已结束构建： ../Libraries/OJ_Library/Button/Button.cpp
 
TASKING VX-toolset for AURIX Development Studio (non-commercial): assembler v1.1r7 Build 21033142
正在构建文件： Libraries/OJ_Library/Button/Button.src
正在调用： TASKING Assembler
astc -o  "Libraries/OJ_Library/Button/Button.o" "Libraries/OJ_Library/Button/Button.src" --list-format=L1 --optimize=gs
已结束构建： Libraries/OJ_Library/Button/Button.src
 
正在构建文件： ../CODE/core0_main.cpp
正在调用： TASKING C/C++ Compiler
cctc -D__CPU__=tc26xb -Dcore1_used "-fC:/Users/Varocol/Desktop/MCU/Infineon/TC264D_Develop/Debug/TASKING_C_C___Compiler-Include_paths.opt" --iso=99 --c++14 --language=+volatile --exceptions --anachronisms --fp-model=3 -O0 --tradeoff=4 --compact-max-size=200 -g -Wc-w544 -Wc-w557 -Ctc26xb -o "CODE/core0_main.src"  "../CODE/core0_main.cpp"  -cs --dep-file="CODE/core0_main.d" --misrac-version=2012 -N0 -Z0 -Y0 2>&1;
TASKING VX-toolset for AURIX Development Studio (non-commercial): control program v1.1r7 Build 21033142
cptc W0161: ["C:\\Users\\Varocol\\Desktop\\MCU\\Infineon\\TC264D_Develop\\Libraries\\infineon_libraries\\Infra\\Sfr\\TC26B\\_Reg\IfxGtm_regdef.h" 40] unrecognized #pragma
cptc W0161: ["C:\\Users\\Varocol\\Desktop\\MCU\\Infineon\\TC264D_Develop\\Libraries\\infineon_libraries\\Infra\\Sfr\\TC26B\\_Reg\IfxGtm_regdef.h" 7841] unrecognized #pragma
已结束构建： ../CODE/core0_main.cpp
 
正在构建文件： ../CODE/core1_main.cpp
正在调用： TASKING C/C++ Compiler
cctc -D__CPU__=tc26xb -Dcore1_used "-fC:/Users/Varocol/Desktop/MCU/Infineon/TC264D_Develop/Debug/TASKING_C_C___Compiler-Include_paths.opt" --iso=99 --c++14 --language=+volatile --exceptions --anachronisms --fp-model=3 -O0 --tradeoff=4 --compact-max-size=200 -g -Wc-w544 -Wc-w557 -Ctc26xb -o "CODE/core1_main.src"  "../CODE/core1_main.cpp"  -cs --dep-file="CODE/core1_main.d" --misrac-version=2012 -N0 -Z0 -Y0 2>&1;
TASKING VX-toolset for AURIX Development Studio (non-commercial): control program v1.1r7 Build 21033142
cptc W0161: ["C:\\Users\\Varocol\\Desktop\\MCU\\Infineon\\TC264D_Develop\\Libraries\\infineon_libraries\\Infra\\Sfr\\TC26B\\_Reg\IfxGtm_regdef.h" 40] unrecognized #pragma
cptc W0161: ["C:\\Users\\Varocol\\Desktop\\MCU\\Infineon\\TC264D_Develop\\Libraries\\infineon_libraries\\Infra\\Sfr\\TC26B\\_Reg\IfxGtm_regdef.h" 7841] unrecognized #pragma
已结束构建： ../CODE/core1_main.cpp
 
正在构建文件： CODE/core0_main.src
正在调用： TASKING Assembler
TASKING VX-toolset for AURIX Development Studio (non-commercial): assembler v1.1r7 Build 21033142
astc -o  "CODE/core0_main.o" "CODE/core0_main.src" --list-format=L1 --optimize=gs
已结束构建： CODE/core0_main.src
 
正在构建文件： CODE/core1_main.src
正在调用： TASKING Assembler
astc -o  "CODE/core1_main.o" "CODE/core1_main.src" --list-format=L1 --optimize=gs
已结束构建： CODE/core1_main.src
 
TASKING VX-toolset for AURIX Development Studio (non-commercial): assembler v1.1r7 Build 21033142
正在构建目标： TC264D_Develop.elf
正在调用： TASKING Linker
TASKING VX-toolset for AURIX Development Studio (non-commercial): control program v1.1r7 Build 21033142
cctc -lrt -lfp_fpu -lcs_fpu  -Wl-Oc -Wl-OL -Wl-Ot -Wl-Ox -Wl-Oy "C:\Users\Varocol\Desktop\MCU\Infineon\TC264D_Develop\Libraries\rtthread_libraries\libcpu\cpuport.o" -Wl--map-file="TC264D_Develop.map" -Wl-mc -Wl-mf -Wl-mi -Wl-mk -Wl-ml -Wl-mm -Wl-md -Wl-mr -Wl-mu --no-warnings= -Wl--error-limit=42 --exceptions --strict --anachronisms --force-c++ -Ctc26xb   -o"TC264D_Develop.elf" -Wl-o"TC264D_Develop.hex:IHEX" --lsl-core=vtc  --lsl-file=../Lcf_Tasking_Tricore_Tc.lsl  ./USER/Cpu0_Main.o ./USER/Cpu1_Main.o ./USER/isr.o  ./Libraries/seekfree_peripheral/SEEKFREE_18TFT.o ./Libraries/seekfree_peripheral/SEEKFREE_7725.o ./Libraries/seekfree_peripheral/SEEKFREE_7725_UART.o ./Libraries/seekfree_peripheral/SEEKFREE_FONT.o ./Libraries/seekfree_peripheral/SEEKFREE_FUN.o ./Libraries/seekfree_peripheral/SEEKFREE_ICM20602.o ./Libraries/seekfree_peripheral/SEEKFREE_IIC.o ./Libraries/seekfree_peripheral/SEEKFREE_IPS114_SPI.o ./Libraries/seekfree_peripheral/SEEKFREE_IPS200_PARALLEL8.o ./Libraries/seekfree_peripheral/SEEKFREE_L3G4200D.o ./Libraries/seekfree_peripheral/SEEKFREE_MMA8451.o ./Libraries/seekfree_peripheral/SEEKFREE_MPU6050.o ./Libraries/seekfree_peripheral/SEEKFREE_MT9V03X.o ./Libraries/seekfree_peripheral/SEEKFREE_OLED.o ./Libraries/seekfree_peripheral/SEEKFREE_RDA5807.o ./Libraries/seekfree_peripheral/SEEKFREE_VIRSCO.o ./Libraries/seekfree_peripheral/SEEKFREE_WIRELESS.o  ./Libraries/seekfree_libraries/common/SEEKFREE_PRINTF.o ./Libraries/seekfree_libraries/common/common.o ./Libraries/seekfree_libraries/common/zf_assert.o  ./Libraries/seekfree_libraries/board/board.o  ./Libraries/seekfree_libraries/zf_ccu6_pit.o ./Libraries/seekfree_libraries/zf_eeprom.o ./Libraries/seekfree_libraries/zf_eru.o ./Libraries/seekfree_libraries/zf_eru_dma.o ./Libraries/seekfree_libraries/zf_gpio.o ./Libraries/seekfree_libraries/zf_gpt12.o ./Libraries/seekfree_libraries/zf_gtm_pwm.o ./Libraries/seekfree_libraries/zf_spi.o ./Libraries/seekfree_libraries/zf_stm_systick.o ./Libraries/seekfree_libraries/zf_uart.o ./Libraries/seekfree_libraries/zf_vadc.o  ./Libraries/rtthread_libraries/src/clock.o ./Libraries/rtthread_libraries/src/components.o ./Libraries/rtthread_libraries/src/cpu.o ./Libraries/rtthread_libraries/src/device.o ./Libraries/rtthread_libraries/src/idle.o ./Libraries/rtthread_libraries/src/ipc.o ./Libraries/rtthread_libraries/src/irq.o ./Libraries/rtthread_libraries/src/kservice.o ./Libraries/rtthread_libraries/src/mem.o ./Libraries/rtthread_libraries/src/memheap.o ./Libraries/rtthread_libraries/src/mempool.o ./Libraries/rtthread_libraries/src/object.o ./Libraries/rtthread_libraries/src/scheduler.o ./Libraries/rtthread_libraries/src/signal.o ./Libraries/rtthread_libraries/src/slab.o ./Libraries/rtthread_libraries/src/thread.o ./Libraries/rtthread_libraries/src/timer.o  ./Libraries/rtthread_libraries/components/finsh/cmd.o ./Libraries/rtthread_libraries/components/finsh/finsh_compiler.o ./Libraries/rtthread_libraries/components/finsh/finsh_error.o ./Libraries/rtthread_libraries/components/finsh/finsh_heap.o ./Libraries/rtthread_libraries/components/finsh/finsh_init.o ./Libraries/rtthread_libraries/components/finsh/finsh_node.o ./Libraries/rtthread_libraries/components/finsh/finsh_ops.o ./Libraries/rtthread_libraries/components/finsh/finsh_parser.o ./Libraries/rtthread_libraries/components/finsh/finsh_token.o ./Libraries/rtthread_libraries/components/finsh/finsh_var.o ./Libraries/rtthread_libraries/components/finsh/finsh_vm.o ./Libraries/rtthread_libraries/components/finsh/msh.o ./Libraries/rtthread_libraries/components/finsh/msh_file.o ./Libraries/rtthread_libraries/components/finsh/shell.o ./Libraries/rtthread_libraries/components/finsh/symbol.o  ./Libraries/infineon_libraries/iLLD/TC26B/Tricore/_PinMap/IfxAsclin_PinMap.o ./Libraries/infineon_libraries/iLLD/TC26B/Tricore/_PinMap/IfxCcu6_PinMap.o ./Libraries/infineon_libraries/iLLD/TC26B/Tricore/_PinMap/IfxCif_PinMap.o ./Libraries/infineon_libraries/iLLD/TC26B/Tricore/_PinMap/IfxDsadc_PinMap.o ./Libraries/infineon_libraries/iLLD/TC26B/Tricore/_PinMap/IfxEray_PinMap.o ./Libraries/infineon_libraries/iLLD/TC26B/Tricore/_PinMap/IfxEth_PinMap.o ./Libraries/infineon_libraries/iLLD/TC26B/Tricore/_PinMap/IfxGpt12_PinMap.o ./Libraries/infineon_libraries/iLLD/TC26B/Tricore/_PinMap/IfxGtm_PinMap.o ./Libraries/infineon_libraries/iLLD/TC26B/Tricore/_PinMap/IfxI2c_PinMap.o ./Libraries/infineon_libraries/iLLD/TC26B/Tricore/_PinMap/IfxMsc_PinMap.o ./Libraries/infineon_libraries/iLLD/TC26B/Tricore/_PinMap/IfxMultican_PinMap.o ./Libraries/infineon_libraries/iLLD/TC26B/Tricore/_PinMap/IfxPort_PinMap.o ./Libraries/infineon_libraries/iLLD/TC26B/Tricore/_PinMap/IfxPsi5_PinMap.o ./Libraries/infineon_libraries/iLLD/TC26B/Tricore/_PinMap/IfxPsi5s_PinMap.o ./Libraries/infineon_libraries/iLLD/TC26B/Tricore/_PinMap/IfxQspi_PinMap.o ./Libraries/infineon_libraries/iLLD/TC26B/Tricore/_PinMap/IfxScu_PinMap.o ./Libraries/infineon_libraries/iLLD/TC26B/Tricore/_PinMap/IfxSent_PinMap.o ./Libraries/infineon_libraries/iLLD/TC26B/Tricore/_PinMap/IfxSmu_PinMap.o ./Libraries/infineon_libraries/iLLD/TC26B/Tricore/_PinMap/IfxVadc_PinMap.o  ./Libraries/infineon_libraries/iLLD/TC26B/Tricore/_Lib/InternalMux/Ifx_InternalMux.o  ./Libraries/infineon_libraries/iLLD/TC26B/Tricore/_Lib/DataHandling/Ifx_CircularBuffer.asm.o ./Libraries/infineon_libraries/iLLD/TC26B/Tricore/_Lib/DataHandling/Ifx_CircularBuffer.o ./Libraries/infineon_libraries/iLLD/TC26B/Tricore/_Lib/DataHandling/Ifx_Fifo.o  ./Libraries/infineon_libraries/iLLD/TC26B/Tricore/_Impl/IfxAsclin_cfg.o ./Libraries/infineon_libraries/iLLD/TC26B/Tricore/_Impl/IfxCcu6_cfg.o ./Libraries/infineon_libraries/iLLD/TC26B/Tricore/_Impl/IfxCif_cfg.o ./Libraries/infineon_libraries/iLLD/TC26B/Tricore/_Impl/IfxCpu_cfg.o ./Libraries/infineon_libraries/iLLD/TC26B/Tricore/_Impl/IfxDma_cfg.o ./Libraries/infineon_libraries/iLLD/TC26B/Tricore/_Impl/IfxEmem_cfg.o ./Libraries/infineon_libraries/iLLD/TC26B/Tricore/_Impl/IfxEray_cfg.o ./Libraries/infineon_libraries/iLLD/TC26B/Tricore/_Impl/IfxFlash_cfg.o ./Libraries/infineon_libraries/iLLD/TC26B/Tricore/_Impl/IfxGtm_cfg.o ./Libraries/infineon_libraries/iLLD/TC26B/Tricore/_Impl/IfxHssl_cfg.o ./Libraries/infineon_libraries/iLLD/TC26B/Tricore/_Impl/IfxI2c_cfg.o ./Libraries/infineon_libraries/iLLD/TC26B/Tricore/_Impl/IfxMsc_cfg.o ./Libraries/infineon_libraries/iLLD/TC26B/Tricore/_Impl/IfxMtu_cfg.o ./Libraries/infineon_libraries/iLLD/TC26B/Tricore/_Impl/IfxMultican_cfg.o ./Libraries/infineon_libraries/iLLD/TC26B/Tricore/_Impl/IfxPort_cfg.o ./Libraries/infineon_libraries/iLLD/TC26B/Tricore/_Impl/IfxPsi5_cfg.o ./Libraries/infineon_libraries/iLLD/TC26B/Tricore/_Impl/IfxQspi_cfg.o ./Libraries/infineon_libraries/iLLD/TC26B/Tricore/_Impl/IfxScu_cfg.o ./Libraries/infineon_libraries/iLLD/TC26B/Tricore/_Impl/IfxSent_cfg.o ./Libraries/infineon_libraries/iLLD/TC26B/Tricore/_Impl/IfxSmu_cfg.o ./Libraries/infineon_libraries/iLLD/TC26B/Tricore/_Impl/IfxSrc_cfg.o ./Libraries/infineon_libraries/iLLD/TC26B/Tricore/_Impl/IfxStm_cfg.o ./Libraries/infineon_libraries/iLLD/TC26B/Tricore/_Impl/IfxVadc_cfg.o  ./Libraries/infineon_libraries/iLLD/TC26B/Tricore/Vadc/Std/IfxVadc.o  ./Libraries/infineon_libraries/iLLD/TC26B/Tricore/Vadc/Adc/IfxVadc_Adc.o  ./Libraries/infineon_libraries/iLLD/TC26B/Tricore/Stm/Timer/IfxStm_Timer.o  ./Libraries/infineon_libraries/iLLD/TC26B/Tricore/Stm/Std/IfxStm.o  ./Libraries/infineon_libraries/iLLD/TC26B/Tricore/Src/Std/IfxSrc.o  ./Libraries/infineon_libraries/iLLD/TC26B/Tricore/Smu/Std/IfxSmu.o  ./Libraries/infineon_libraries/iLLD/TC26B/Tricore/Sent/Std/IfxSent.o  ./Libraries/infineon_libraries/iLLD/TC26B/Tricore/Sent/Sent/IfxSent_Sent.o  ./Libraries/infineon_libraries/iLLD/TC26B/Tricore/Scu/Std/IfxScuCcu.o ./Libraries/infineon_libraries/iLLD/TC26B/Tricore/Scu/Std/IfxScuEru.o ./Libraries/infineon_libraries/iLLD/TC26B/Tricore/Scu/Std/IfxScuWdt.o  ./Libraries/infineon_libraries/iLLD/TC26B/Tricore/Qspi/Std/IfxQspi.o  ./Libraries/infineon_libraries/iLLD/TC26B/Tricore/Qspi/SpiSlave/IfxQspi_SpiSlave.o  ./Libraries/infineon_libraries/iLLD/TC26B/Tricore/Qspi/SpiMaster/IfxQspi_SpiMaster.o  ./Libraries/infineon_libraries/iLLD/TC26B/Tricore/Psi5s/Std/IfxPsi5s.o  ./Libraries/infineon_libraries/iLLD/TC26B/Tricore/Psi5s/Psi5s/IfxPsi5s_Psi5s.o  ./Libraries/infineon_libraries/iLLD/TC26B/Tricore/Psi5/Std/IfxPsi5.o  ./Libraries/infineon_libraries/iLLD/TC26B/Tricore/Psi5/Psi5/IfxPsi5_Psi5.o  ./Libraries/infineon_libraries/iLLD/TC26B/Tricore/Port/Std/IfxPort.o  ./Libraries/infineon_libraries/iLLD/TC26B/Tricore/Port/Io/IfxPort_Io.o  ./Libraries/infineon_libraries/iLLD/TC26B/Tricore/Multican/Std/IfxMultican.o  ./Libraries/infineon_libraries/iLLD/TC26B/Tricore/Multican/Can/IfxMultican_Can.o  ./Libraries/infineon_libraries/iLLD/TC26B/Tricore/Mtu/Std/IfxMtu.o  ./Libraries/infineon_libraries/iLLD/TC26B/Tricore/Msc/Std/IfxMsc.o  ./Libraries/infineon_libraries/iLLD/TC26B/Tricore/Msc/Msc/IfxMsc_Msc.o  ./Libraries/infineon_libraries/iLLD/TC26B/Tricore/Iom/Std/IfxIom.o  ./Libraries/infineon_libraries/iLLD/TC26B/Tricore/Iom/Driver/IfxIom_Driver.o  ./Libraries/infineon_libraries/iLLD/TC26B/Tricore/I2c/Std/IfxI2c.o  ./Libraries/infineon_libraries/iLLD/TC26B/Tricore/I2c/I2c/IfxI2c_I2c.o  ./Libraries/infineon_libraries/iLLD/TC26B/Tricore/Hssl/Std/IfxHssl.o  ./Libraries/infineon_libraries/iLLD/TC26B/Tricore/Hssl/Hssl/IfxHssl_Hssl.o  ./Libraries/infineon_libraries/iLLD/TC26B/Tricore/Gtm/Trig/IfxGtm_Trig.o  ./Libraries/infineon_libraries/iLLD/TC26B/Tricore/Gtm/Tom/Timer/IfxGtm_Tom_Timer.o  ./Libraries/infineon_libraries/iLLD/TC26B/Tricore/Gtm/Tom/PwmHl/IfxGtm_Tom_PwmHl.o  ./Libraries/infineon_libraries/iLLD/TC26B/Tricore/Gtm/Tom/Pwm/IfxGtm_Tom_Pwm.o  ./Libraries/infineon_libraries/iLLD/TC26B/Tricore/Gtm/Tim/In/IfxGtm_Tim_In.o  ./Libraries/infineon_libraries/iLLD/TC26B/Tricore/Gtm/Std/IfxGtm.o ./Libraries/infineon_libraries/iLLD/TC26B/Tricore/Gtm/Std/IfxGtm_Atom.o ./Libraries/infineon_libraries/iLLD/TC26B/Tricore/Gtm/Std/IfxGtm_Cmu.o ./Libraries/infineon_libraries/iLLD/TC26B/Tricore/Gtm/Std/IfxGtm_Dpll.o ./Libraries/infineon_libraries/iLLD/TC26B/Tricore/Gtm/Std/IfxGtm_Tbu.o ./Libraries/infineon_libraries/iLLD/TC26B/Tricore/Gtm/Std/IfxGtm_Tim.o ./Libraries/infineon_libraries/iLLD/TC26B/Tricore/Gtm/Std/IfxGtm_Tom.o  ./Libraries/infineon_libraries/iLLD/TC26B/Tricore/Gtm/Atom/Timer/IfxGtm_Atom_Timer.o  ./Libraries/infineon_libraries/iLLD/TC26B/Tricore/Gtm/Atom/PwmHl/IfxGtm_Atom_PwmHl.o  ./Libraries/infineon_libraries/iLLD/TC26B/Tricore/Gtm/Atom/Pwm/IfxGtm_Atom_Pwm.o  ./Libraries/infineon_libraries/iLLD/TC26B/Tricore/Gpt12/Std/IfxGpt12.o  ./Libraries/infineon_libraries/iLLD/TC26B/Tricore/Gpt12/IncrEnc/IfxGpt12_IncrEnc.o  ./Libraries/infineon_libraries/iLLD/TC26B/Tricore/Flash/Std/IfxFlash.o  ./Libraries/infineon_libraries/iLLD/TC26B/Tricore/Fft/Std/IfxFft.o  ./Libraries/infineon_libraries/iLLD/TC26B/Tricore/Fft/Fft/IfxFft_Fft.o  ./Libraries/infineon_libraries/iLLD/TC26B/Tricore/Fce/Std/IfxFce.o  ./Libraries/infineon_libraries/iLLD/TC26B/Tricore/Fce/Crc/IfxFce_Crc.o  ./Libraries/infineon_libraries/iLLD/TC26B/Tricore/Eth/Std/IfxEth.o  ./Libraries/infineon_libraries/iLLD/TC26B/Tricore/Eth/Phy_Pef7071/IfxEth_Phy_Pef7071.o  ./Libraries/infineon_libraries/iLLD/TC26B/Tricore/Eray/Std/IfxEray.o  ./Libraries/infineon_libraries/iLLD/TC26B/Tricore/Eray/Eray/IfxEray_Eray.o  ./Libraries/infineon_libraries/iLLD/TC26B/Tricore/Emem/Std/IfxEmem.o  ./Libraries/infineon_libraries/iLLD/TC26B/Tricore/Dts/Std/IfxDts.o  ./Libraries/infineon_libraries/iLLD/TC26B/Tricore/Dts/Dts/IfxDts_Dts.o  ./Libraries/infineon_libraries/iLLD/TC26B/Tricore/Dsadc/Std/IfxDsadc.o  ./Libraries/infineon_libraries/iLLD/TC26B/Tricore/Dsadc/Rdc/IfxDsadc_Rdc.o  ./Libraries/infineon_libraries/iLLD/TC26B/Tricore/Dsadc/Dsadc/IfxDsadc_Dsadc.o  ./Libraries/infineon_libraries/iLLD/TC26B/Tricore/Dma/Std/IfxDma.o  ./Libraries/infineon_libraries/iLLD/TC26B/Tricore/Dma/Dma/IfxDma_Dma.o  ./Libraries/infineon_libraries/iLLD/TC26B/Tricore/Cpu/Trap/IfxCpu_Trap.o  ./Libraries/infineon_libraries/iLLD/TC26B/Tricore/Cpu/Std/IfxCpu.o  ./Libraries/infineon_libraries/iLLD/TC26B/Tricore/Cpu/Irq/IfxCpu_Irq.o  ./Libraries/infineon_libraries/iLLD/TC26B/Tricore/Cpu/CStart/IfxCpu_CStart0.o ./Libraries/infineon_libraries/iLLD/TC26B/Tricore/Cpu/CStart/IfxCpu_CStart1.o  ./Libraries/infineon_libraries/iLLD/TC26B/Tricore/Cif/Std/IfxCif.o  ./Libraries/infineon_libraries/iLLD/TC26B/Tricore/Cif/Cam/IfxCif_Cam.o  ./Libraries/infineon_libraries/iLLD/TC26B/Tricore/Ccu6/TimerWithTrigger/IfxCcu6_TimerWithTrigger.o  ./Libraries/infineon_libraries/iLLD/TC26B/Tricore/Ccu6/Timer/IfxCcu6_Timer.o  ./Libraries/infineon_libraries/iLLD/TC26B/Tricore/Ccu6/TPwm/IfxCcu6_TPwm.o  ./Libraries/infineon_libraries/iLLD/TC26B/Tricore/Ccu6/Std/IfxCcu6.o  ./Libraries/infineon_libraries/iLLD/TC26B/Tricore/Ccu6/PwmHl/IfxCcu6_PwmHl.o  ./Libraries/infineon_libraries/iLLD/TC26B/Tricore/Ccu6/PwmBc/IfxCcu6_PwmBc.o  ./Libraries/infineon_libraries/iLLD/TC26B/Tricore/Ccu6/Icu/IfxCcu6_Icu.o  ./Libraries/infineon_libraries/iLLD/TC26B/Tricore/Asclin/Std/IfxAsclin.o  ./Libraries/infineon_libraries/iLLD/TC26B/Tricore/Asclin/Spi/IfxAsclin_Spi.o  ./Libraries/infineon_libraries/iLLD/TC26B/Tricore/Asclin/Lin/IfxAsclin_Lin.o  ./Libraries/infineon_libraries/iLLD/TC26B/Tricore/Asclin/Asc/IfxAsclin_Asc.o  ./Libraries/infineon_libraries/Service/CpuGeneric/SysSe/Time/Ifx_DateTime.o  ./Libraries/infineon_libraries/Service/CpuGeneric/SysSe/Math/Ifx_AngleTrkF32.o ./Libraries/infineon_libraries/Service/CpuGeneric/SysSe/Math/Ifx_Cf32.o ./Libraries/infineon_libraries/Service/CpuGeneric/SysSe/Math/Ifx_Crc.o ./Libraries/infineon_libraries/Service/CpuGeneric/SysSe/Math/Ifx_FftF32.o ./Libraries/infineon_libraries/Service/CpuGeneric/SysSe/Math/Ifx_FftF32_BitReverseTable.o ./Libraries/infineon_libraries/Service/CpuGeneric/SysSe/Math/Ifx_FftF32_TwiddleTable.o ./Libraries/infineon_libraries/Service/CpuGeneric/SysSe/Math/Ifx_IntegralF32.o ./Libraries/infineon_libraries/Service/CpuGeneric/SysSe/Math/Ifx_LowPassPt1F32.o ./Libraries/infineon_libraries/Service/CpuGeneric/SysSe/Math/Ifx_LutAtan2F32.o ./Libraries/infineon_libraries/Service/CpuGeneric/SysSe/Math/Ifx_LutAtan2F32_Table.o ./Libraries/infineon_libraries/Service/CpuGeneric/SysSe/Math/Ifx_LutLSincosF32.o ./Libraries/infineon_libraries/Service/CpuGeneric/SysSe/Math/Ifx_LutLinearF32.o ./Libraries/infineon_libraries/Service/CpuGeneric/SysSe/Math/Ifx_LutSincosF32.o ./Libraries/infineon_libraries/Service/CpuGeneric/SysSe/Math/Ifx_LutSincosF32_Table.o ./Libraries/infineon_libraries/Service/CpuGeneric/SysSe/Math/Ifx_RampF32.o ./Libraries/infineon_libraries/Service/CpuGeneric/SysSe/Math/Ifx_WndF32_BlackmanHarrisTable.o ./Libraries/infineon_libraries/Service/CpuGeneric/SysSe/Math/Ifx_WndF32_HannTable.o  ./Libraries/infineon_libraries/Service/CpuGeneric/SysSe/General/Ifx_GlobalResources.o  ./Libraries/infineon_libraries/Service/CpuGeneric/SysSe/Comm/Ifx_Console.o ./Libraries/infineon_libraries/Service/CpuGeneric/SysSe/Comm/Ifx_Shell.o  ./Libraries/infineon_libraries/Service/CpuGeneric/SysSe/Bsp/Assert.o ./Libraries/infineon_libraries/Service/CpuGeneric/SysSe/Bsp/Bsp.o  ./Libraries/infineon_libraries/Service/CpuGeneric/StdIf/IfxStdIf_DPipe.o ./Libraries/infineon_libraries/Service/CpuGeneric/StdIf/IfxStdIf_Pos.o ./Libraries/infineon_libraries/Service/CpuGeneric/StdIf/IfxStdIf_PwmHl.o ./Libraries/infineon_libraries/Service/CpuGeneric/StdIf/IfxStdIf_Timer.o  ./Libraries/infineon_libraries/Service/CpuGeneric/If/SpiIf.o  ./Libraries/infineon_libraries/Infra/Platform/Tricore/Compilers/CompilerDcc.o ./Libraries/infineon_libraries/Infra/Platform/Tricore/Compilers/CompilerGhs.o ./Libraries/infineon_libraries/Infra/Platform/Tricore/Compilers/CompilerGnuc.o ./Libraries/infineon_libraries/Infra/Platform/Tricore/Compilers/CompilerTasking.o  ./Libraries/OJ_Library/Servo/Servo.o  ./Libraries/OJ_Library/SPI/SPI.o  ./Libraries/OJ_Library/PWM/PWM.o  ./Libraries/OJ_Library/MT9V03x/MT9V03x.o  ./Libraries/OJ_Library/MSH/MSH_FUN.o  ./Libraries/OJ_Library/MOTOR/MOTOR.o  ./Libraries/OJ_Library/LED/LED.o  ./Libraries/OJ_Library/Image_Processing/Image_Process.o  ./Libraries/OJ_Library/IPS_114/IPS_114.o  ./Libraries/OJ_Library/GPIO/GPIO.o  ./Libraries/OJ_Library/Buzzer/Buzzer.o  ./Libraries/OJ_Library/Button/Button.o  ./CODE/MSH_Test/MSH.o  ./CODE/core0_main.o ./CODE/core1_main.o 
已结束构建目标： TC264D_Develop.elf
 
正在调用： Print Size
elfsize  "TC264D_Develop.elf"
Total sizes:
ROM: 0x19c2c (105516) = code: 0x15ae8 (88808) + romdata: 0x4144 (16708)
RAM: 0x22064 (139364) = data + bss
已结束构建： TC264D_Develop.siz
 
TASKING VX-toolset for AURIX Development Studio (non-commercial): ELF size v1.1r7 Build 21033142
rm USER/Cpu0_Main.src Libraries/OJ_Library/Servo/Servo.src Libraries/OJ_Library/IPS_114/IPS_114.src Libraries/OJ_Library/MOTOR/MOTOR.src USER/isr.src CODE/core0_main.src USER/Cpu1_Main.src Libraries/OJ_Library/LED/LED.src CODE/core1_main.src Libraries/OJ_Library/Buzzer/Buzzer.src Libraries/OJ_Library/Button/Button.src Libraries/OJ_Library/MSH/MSH_FUN.src Libraries/OJ_Library/PWM/PWM.src Libraries/OJ_Library/SPI/SPI.src Libraries/OJ_Library/Image_Processing/Image_Process.src CODE/MSH_Test/MSH.src Libraries/OJ_Library/GPIO/GPIO.src Libraries/OJ_Library/MT9V03x/MT9V03x.src Libraries/seekfree_libraries/zf_gtm_pwm.src

22:28:16 Build Finished. 0 errors, 32 warnings. (took 16s.338ms)

